{"C:\\Users\\Sophia\\Desktop\\tracker\\app.js": {"path":"C:\\Users\\Sophia\\Desktop\\tracker\\app.js","statementMap":{"0":{"start":{"line":1,"column":12},"end":{"line":1,"column":14}},"1":{"start":{"line":4,"column":4},"end":{"line":4,"column":64}},"2":{"start":{"line":8,"column":18},"end":{"line":8,"column":54}},"3":{"start":{"line":9,"column":17},"end":{"line":9,"column":52}},"4":{"start":{"line":11,"column":4},"end":{"line":11,"column":42}},"5":{"start":{"line":11,"column":35},"end":{"line":11,"column":42}},"6":{"start":{"line":13,"column":21},"end":{"line":13,"column":32}},"7":{"start":{"line":14,"column":4},"end":{"line":14,"column":25}},"8":{"start":{"line":16,"column":15},"end":{"line":16,"column":43}},"9":{"start":{"line":18,"column":17},"end":{"line":18,"column":47}},"10":{"start":{"line":19,"column":4},"end":{"line":19,"column":32}},"11":{"start":{"line":21,"column":20},"end":{"line":21,"column":49}},"12":{"start":{"line":22,"column":4},"end":{"line":22,"column":41}},"13":{"start":{"line":25,"column":24},"end":{"line":25,"column":56}},"14":{"start":{"line":26,"column":4},"end":{"line":26,"column":42}},"15":{"start":{"line":27,"column":4},"end":{"line":29,"column":6}},"16":{"start":{"line":28,"column":8},"end":{"line":28,"column":42}},"17":{"start":{"line":32,"column":20},"end":{"line":32,"column":52}},"18":{"start":{"line":33,"column":4},"end":{"line":33,"column":39}},"19":{"start":{"line":34,"column":4},"end":{"line":39,"column":6}},"20":{"start":{"line":35,"column":25},"end":{"line":35,"column":72}},"21":{"start":{"line":36,"column":8},"end":{"line":38,"column":9}},"22":{"start":{"line":37,"column":12},"end":{"line":37,"column":40}},"23":{"start":{"line":42,"column":22},"end":{"line":42,"column":54}},"24":{"start":{"line":43,"column":4},"end":{"line":43,"column":39}},"25":{"start":{"line":44,"column":4},"end":{"line":48,"column":6}},"26":{"start":{"line":45,"column":8},"end":{"line":45,"column":29}},"27":{"start":{"line":46,"column":8},"end":{"line":46,"column":50}},"28":{"start":{"line":46,"column":34},"end":{"line":46,"column":48}},"29":{"start":{"line":47,"column":8},"end":{"line":47,"column":24}},"30":{"start":{"line":50,"column":4},"end":{"line":50,"column":37}},"31":{"start":{"line":51,"column":4},"end":{"line":51,"column":33}},"32":{"start":{"line":52,"column":4},"end":{"line":52,"column":35}},"33":{"start":{"line":54,"column":4},"end":{"line":54,"column":25}},"34":{"start":{"line":55,"column":4},"end":{"line":55,"column":28}},"35":{"start":{"line":56,"column":4},"end":{"line":56,"column":25}},"36":{"start":{"line":58,"column":4},"end":{"line":58,"column":21}},"37":{"start":{"line":59,"column":4},"end":{"line":59,"column":20}},"38":{"start":{"line":62,"column":0},"end":{"line":69,"column":1}},"39":{"start":{"line":63,"column":4},"end":{"line":68,"column":6}},"40":{"start":{"line":66,"column":24},"end":{"line":66,"column":29}},"41":{"start":{"line":67,"column":27},"end":{"line":67,"column":38}}},"fnMap":{"0":{"name":"updateCounter","decl":{"start":{"line":3,"column":9},"end":{"line":3,"column":22}},"loc":{"start":{"line":3,"column":25},"end":{"line":5,"column":1}},"line":3},"1":{"name":"addNeed","decl":{"start":{"line":7,"column":9},"end":{"line":7,"column":16}},"loc":{"start":{"line":7,"column":19},"end":{"line":60,"column":1}},"line":7},"2":{"name":"(anonymous_2)","decl":{"start":{"line":27,"column":26},"end":{"line":27,"column":27}},"loc":{"start":{"line":27,"column":38},"end":{"line":29,"column":5}},"line":27},"3":{"name":"(anonymous_3)","decl":{"start":{"line":34,"column":22},"end":{"line":34,"column":23}},"loc":{"start":{"line":34,"column":34},"end":{"line":39,"column":5}},"line":34},"4":{"name":"(anonymous_4)","decl":{"start":{"line":44,"column":24},"end":{"line":44,"column":25}},"loc":{"start":{"line":44,"column":36},"end":{"line":48,"column":5}},"line":44},"5":{"name":"(anonymous_5)","decl":{"start":{"line":46,"column":29},"end":{"line":46,"column":30}},"loc":{"start":{"line":46,"column":34},"end":{"line":46,"column":48}},"line":46},"6":{"name":"(anonymous_6)","decl":{"start":{"line":66,"column":18},"end":{"line":66,"column":19}},"loc":{"start":{"line":66,"column":24},"end":{"line":66,"column":29}},"line":66},"7":{"name":"(anonymous_7)","decl":{"start":{"line":67,"column":18},"end":{"line":67,"column":19}},"loc":{"start":{"line":67,"column":27},"end":{"line":67,"column":38}},"line":67}},"branchMap":{"0":{"loc":{"start":{"line":11,"column":4},"end":{"line":11,"column":42}},"type":"if","locations":[{"start":{"line":11,"column":4},"end":{"line":11,"column":42}},{"start":{},"end":{}}],"line":11},"1":{"loc":{"start":{"line":36,"column":8},"end":{"line":38,"column":9}},"type":"if","locations":[{"start":{"line":36,"column":8},"end":{"line":38,"column":9}},{"start":{},"end":{}}],"line":36},"2":{"loc":{"start":{"line":36,"column":12},"end":{"line":36,"column":55}},"type":"binary-expr","locations":[{"start":{"line":36,"column":12},"end":{"line":36,"column":29}},{"start":{"line":36,"column":33},"end":{"line":36,"column":55}}],"line":36},"3":{"loc":{"start":{"line":62,"column":0},"end":{"line":69,"column":1}},"type":"if","locations":[{"start":{"line":62,"column":0},"end":{"line":69,"column":1}},{"start":{},"end":{}}],"line":62}},"s":{"0":1,"1":4,"2":4,"3":4,"4":4,"5":1,"6":3,"7":3,"8":3,"9":3,"10":3,"11":3,"12":3,"13":3,"14":3,"15":3,"16":0,"17":3,"18":3,"19":3,"20":0,"21":0,"22":0,"23":3,"24":3,"25":3,"26":0,"27":0,"28":0,"29":0,"30":3,"31":3,"32":3,"33":3,"34":3,"35":3,"36":3,"37":3,"38":1,"39":1,"40":2,"41":6},"f":{"0":4,"1":4,"2":0,"3":0,"4":0,"5":0,"6":2,"7":6},"b":{"0":[1,3],"1":[0,0],"2":[0,0],"3":[1,0]},"_coverageSchema":"1a1c01bbd47fc00a2c39e90264f33305004495a9","hash":"b62da90b859e52ec5bcada388bfca20389632b1a"}
}
