TN:
SF:app.js
FN:3,updateCounter
FN:7,addNeed
FN:27,(anonymous_2)
FN:34,(anonymous_3)
FN:44,(anonymous_4)
FN:46,(anonymous_5)
FN:66,(anonymous_6)
FN:67,(anonymous_7)
FNF:8
FNH:4
FNDA:4,updateCounter
FNDA:4,addNeed
FNDA:0,(anonymous_2)
FNDA:0,(anonymous_3)
FNDA:0,(anonymous_4)
FNDA:0,(anonymous_5)
FNDA:2,(anonymous_6)
FNDA:6,(anonymous_7)
DA:1,1
DA:4,4
DA:8,4
DA:9,4
DA:11,4
DA:13,3
DA:14,3
DA:16,3
DA:18,3
DA:19,3
DA:21,3
DA:22,3
DA:25,3
DA:26,3
DA:27,3
DA:28,0
DA:32,3
DA:33,3
DA:34,3
DA:35,0
DA:36,0
DA:37,0
DA:42,3
DA:43,3
DA:44,3
DA:45,0
DA:46,0
DA:47,0
DA:50,3
DA:51,3
DA:52,3
DA:54,3
DA:55,3
DA:56,3
DA:58,3
DA:59,3
DA:62,1
DA:63,1
DA:66,2
DA:67,6
LF:40
LH:33
BRDA:11,0,0,1
BRDA:11,0,1,3
BRDA:36,1,0,0
BRDA:36,1,1,0
BRDA:36,2,0,0
BRDA:36,2,1,0
BRDA:62,3,0,1
BRDA:62,3,1,0
BRF:8
BRH:3
end_of_record
